#
# A fatal error has been detected by the Java Runtime Environment:
#
#  EXCEPTION_ACCESS_VIOLATION (0xc0000005) at pc=0x00000000627ce276, pid=19068, tid=0x000000000000162c
#
# JRE version: Java(TM) SE Runtime Environment (8.0_281-b09) (build 1.8.0_281-b09)
# Java VM: Java HotSpot(TM) 64-Bit Server VM (25.281-b09 mixed mode windows-amd64 compressed oops)
# Problematic frame:
# V  [jvm.dll+0x22e276]
#
# Failed to write core dump. Minidumps are not enabled by default on client versions of Windows
#
# If you would like to submit a bug report, please visit:
#   http://bugreport.java.com/bugreport/crash.jsp
#

---------------  T H R E A D  ---------------

Current thread (0x000001727c545800):  VMThread [stack: 0x0000001e56200000,0x0000001e56300000] [id=5676]

siginfo: ExceptionCode=0xc0000005, reading address 0x0000000000000008

Registers:
RAX=0x0000000000000000, RBX=0x0000001e562fed30, RCX=0x0000000000000000, RDX=0x0000000000000028
RSP=0x0000001e562fea60, RBP=0x0000001e562ff290, RSI=0x0000000000000000, RDI=0x0000001e562ff400
R8 =0x0000000000000000, R9 =0x000001727be1f5b0, R10=0x0000017272b612b0, R11=0x000001727be207e3
R12=0x000000000000034a, R13=0x000001727e5dc0a0, R14=0x00000000000000b9, R15=0x00000000625a0000
RIP=0x00000000627ce276, EFLAGS=0x0000000000010206

Top of Stack: (sp=0x0000001e562fea60)
0x0000001e562fea60:   0000001e56efd920 0000001e56efd924
0x0000001e562fea70:   0000001e56efd918 0000001e56efd91c
0x0000001e562fea80:   0000001e56efd910 0000001e56efd914
0x0000001e562fea90:   0000000700484630 00000007004846c8
0x0000001e562feaa0:   0000001e55fff3c0 0000001e55fff3c0
0x0000001e562feab0:   0000001e56efd8f8 0000001e56efd8fc
0x0000001e562feac0:   0000001e56efd8f0 0000001e56efd8f4
0x0000001e562fead0:   0000001e56efd8e8 0000001e56efd8ec
0x0000001e562feae0:   0000001e56efd8e0 0000001e56efd8e4
0x0000001e562feaf0:   0000001e56efd8d8 0000001e56efd8dc
0x0000001e562feb00:   0000001e56efd8d0 0000001e56efd8d4
0x0000001e562feb10:   0000001e56efd8c8 0000001e56efd8cc
0x0000001e562feb20:   0000001e56efd8c0 0000001e56efd8c4
0x0000001e562feb30:   0000001e56efd8b8 0000001e56efd8bc
0x0000001e562feb40:   0000001e56efd8b0 0000001e56efd8b4
0x0000001e562feb50:   00000007004852f0 0000000700485370 

Instructions: (pc=0x00000000627ce276)
0x00000000627ce256:   01 00 00 48 8b 05 f8 9e 56 00 48 33 c4 48 89 84
0x00000000627ce266:   24 30 01 00 00 48 8b d9 48 63 49 10 48 8b 43 08
0x00000000627ce276:   38 54 08 08 74 33 44 0f be c2 48 8d 4c 24 20 48
0x00000000627ce286:   8d 15 84 72 3b 00 e8 1f d0 df ff ba 36 00 00 00 


Register to memory mapping:

RAX=0x0000000000000000 is an unknown value
RBX=0x0000001e562fed30 is an unknown value
RCX=0x0000000000000000 is an unknown value
RDX=0x0000000000000028 is an unknown value
RSP=0x0000001e562fea60 is an unknown value
RBP=0x0000001e562ff290 is an unknown value
RSI=0x0000000000000000 is an unknown value
RDI=0x0000001e562ff400 is an unknown value
R8 =0x0000000000000000 is an unknown value
R9 =0x000001727be1f5b0 is pointing into metadata
R10=0x0000017272b612b0 is an unknown value
R11=0x000001727be207e3 is pointing into metadata
R12=0x000000000000034a is an unknown value
R13=0x000001727e5dc0a0 is an unknown value
R14=0x00000000000000b9 is an unknown value
R15=0x00000000625a0000 is an unknown value


Stack: [0x0000001e56200000,0x0000001e56300000],  sp=0x0000001e562fea60,  free space=1018k
Native frames: (J=compiled Java code, j=interpreted, Vv=VM code, C=native code)
V  [jvm.dll+0x22e276]
V  [jvm.dll+0x22e994]
V  [jvm.dll+0x106863]
V  [jvm.dll+0x10881b]
V  [jvm.dll+0x10902e]
V  [jvm.dll+0x10669a]
V  [jvm.dll+0x10582a]
V  [jvm.dll+0xcd14b]
V  [jvm.dll+0xcdbe3]
V  [jvm.dll+0x112634]
V  [jvm.dll+0x135930]
V  [jvm.dll+0x1b8ce1]
V  [jvm.dll+0x245447]
V  [jvm.dll+0x243bb5]
V  [jvm.dll+0x24432c]
V  [jvm.dll+0x24463c]
V  [jvm.dll+0x291cbc]
C  [ucrtbase.dll+0x21bb2]
C  [KERNEL32.DLL+0x17034]
C  [ntdll.dll+0x52651]

VM_Operation (0x0000001e567ff4b0): GetOrSetLocal, mode: safepoint, requested by thread 0x000001727c5ea000


---------------  P R O C E S S  ---------------

Java Threads: ( => current thread )
  0x000001727ea95000 JavaThread "ORBacus:Client:ReceiverThread" daemon [_thread_in_native, id=17524, stack(0x0000001e57200000,0x0000001e57300000)]
  0x000001727ea94000 JavaThread "ORBacus:Client:SenderThread" daemon [_thread_blocked, id=15328, stack(0x0000001e57100000,0x0000001e57200000)]
  0x000001727ea96800 JavaThread "Business Objects - Sessions Clean up" daemon [_thread_blocked, id=9388, stack(0x0000001e56e00000,0x0000001e56f00000)]
  0x000001727de7d000 JavaThread "Service Thread" daemon [_thread_blocked, id=18968, stack(0x0000001e56c00000,0x0000001e56d00000)]
  0x000001727dde0000 JavaThread "C1 CompilerThread1" daemon [_thread_blocked, id=11864, stack(0x0000001e56b00000,0x0000001e56c00000)]
  0x000001727ddd3000 JavaThread "C2 CompilerThread0" daemon [_thread_blocked, id=8484, stack(0x0000001e56a00000,0x0000001e56b00000)]
  0x000001727c5f3800 JavaThread "JDWP Command Reader" daemon [_thread_in_native, id=9920, stack(0x0000001e56900000,0x0000001e56a00000)]
  0x000001727c5ec800 JavaThread "JDWP Event Helper Thread" daemon [_thread_blocked, id=15516, stack(0x0000001e56800000,0x0000001e56900000)]
  0x000001727c5ea000 JavaThread "JDWP Transport Listener: dt_socket" daemon [_thread_blocked, id=20124, stack(0x0000001e56700000,0x0000001e56800000)]
  0x000001727c5af800 JavaThread "Attach Listener" daemon [_thread_blocked, id=21040, stack(0x0000001e56600000,0x0000001e56700000)]
  0x000001727c5ae800 JavaThread "Signal Dispatcher" daemon [_thread_blocked, id=3764, stack(0x0000001e56500000,0x0000001e56600000)]
  0x000001727c57a800 JavaThread "Finalizer" daemon [_thread_blocked, id=12392, stack(0x0000001e56400000,0x0000001e56500000)]
  0x000001727c571800 JavaThread "Reference Handler" daemon [_thread_blocked, id=572, stack(0x0000001e56300000,0x0000001e56400000)]
  0x0000017272b4d000 JavaThread "main" [_thread_blocked, id=15808, stack(0x0000001e55f00000,0x0000001e56000000)]

Other Threads:
=>0x000001727c545800 VMThread [stack: 0x0000001e56200000,0x0000001e56300000] [id=5676]
  0x000001727deb1800 WatcherThread [stack: 0x0000001e56d00000,0x0000001e56e00000] [id=22948]

VM state:at safepoint (normal execution)

VM Mutex/Monitor currently owned by a thread:  ([mutex/lock_event])
[0x0000017272b25640] Threads_lock - owner thread: 0x000001727c545800

heap address: 0x0000000700000000, size: 3072 MB, Compressed Oops mode: Zero based, Oop shift amount: 3
Narrow klass base: 0x0000000000000000, Narrow klass shift: 3
Compressed class space size: 1073741824 Address: 0x00000007c0000000

Heap:
 PSYoungGen      total 103424K, used 36124K [0x0000000780000000, 0x0000000787b00000, 0x00000007c0000000)
  eden space 95232K, 29% used [0x0000000780000000,0x0000000781b47198,0x0000000785d00000)
  from space 8192K, 99% used [0x0000000786000000,0x00000007867ffff0,0x0000000786800000)
  to   space 15360K, 0% used [0x0000000786c00000,0x0000000786c00000,0x0000000787b00000)
 ParOldGen       total 131072K, used 11909K [0x0000000700000000, 0x0000000708000000, 0x0000000780000000)
  object space 131072K, 9% used [0x0000000700000000,0x0000000700ba15f0,0x0000000708000000)
 Metaspace       used 18978K, capacity 19162K, committed 19328K, reserved 1067008K
  class space    used 2082K, capacity 2160K, committed 2176K, reserved 1048576K

Card table byte_map: [0x0000017274950000,0x0000017274f60000] byte_map_base: 0x0000017271150000

Marking Bits: (ParMarkBitMap*) 0x0000000062d86ff0
 Begin Bits: [0x0000017275360000, 0x0000017278360000)
 End Bits:   [0x0000017278360000, 0x000001727b360000)

Polling page: 0x0000017274560000

CodeCache: size=245760Kb used=11709Kb max_used=11724Kb free=234050Kb
 bounds [0x0000017200000000, 0x0000017200b90000, 0x000001720f000000]
 total_blobs=3195 nmethods=2774 adapters=341
 compilation: enabled

Compilation events (10 events):
Event: 77702.589 Thread 0x000001727ddd3000 3286   !   4       com.crystaldecisions.thirdparty.com.ooc.OCI.IIOP.Transport_impl::receive (161 bytes)
Event: 77702.594 Thread 0x000001727ddd3000 nmethod 3286 0x0000017200b56210 code [0x0000017200b563a0, 0x0000017200b56778]
Event: 79143.543 Thread 0x000001727ddd3000 3287       4       java.nio.charset.Charset::lookup (44 bytes)
Event: 79143.570 Thread 0x000001727ddd3000 nmethod 3287 0x0000017200b51c10 code [0x0000017200b51de0, 0x0000017200b53368]
Event: 79623.852 Thread 0x000001727ddd3000 3288       4       com.sap.tracelog.Serialization$AnyValue::<init> (5 bytes)
Event: 79623.852 Thread 0x000001727ddd3000 nmethod 3288 0x0000017200795150 code [0x0000017200795280, 0x00000172007952d8]
Event: 79864.173 Thread 0x000001727ddd3000 3289       4       java.util.TreeMap::successor (66 bytes)
Event: 79864.175 Thread 0x000001727ddd3000 nmethod 3289 0x00000172005d9910 code [0x00000172005d9a40, 0x00000172005d9ab8]
Event: 80104.355 Thread 0x000001727dde0000 3290       1       sun.nio.cs.UTF_8$Encoder::implReplaceWith (8 bytes)
Event: 80104.355 Thread 0x000001727dde0000 nmethod 3290 0x0000017200b4f690 code [0x0000017200b4f7e0, 0x0000017200b4f918]

GC Heap History (10 events):
Event: 3.754 GC heap before
{Heap before GC invocations=1 (full 0):
 PSYoungGen      total 57344K, used 49152K [0x0000000780000000, 0x0000000784000000, 0x00000007c0000000)
  eden space 49152K, 100% used [0x0000000780000000,0x0000000783000000,0x0000000783000000)
  from space 8192K, 0% used [0x0000000783800000,0x0000000783800000,0x0000000784000000)
  to   space 8192K, 0% used [0x0000000783000000,0x0000000783000000,0x0000000783800000)
 ParOldGen       total 131072K, used 0K [0x0000000700000000, 0x0000000708000000, 0x0000000780000000)
  object space 131072K, 0% used [0x0000000700000000,0x0000000700000000,0x0000000708000000)
 Metaspace       used 9272K, capacity 9404K, committed 9600K, reserved 1058816K
  class space    used 1000K, capacity 1041K, committed 1152K, reserved 1048576K
Event: 3.765 GC heap after
Heap after GC invocations=1 (full 0):
 PSYoungGen      total 57344K, used 6178K [0x0000000780000000, 0x0000000784000000, 0x00000007c0000000)
  eden space 49152K, 0% used [0x0000000780000000,0x0000000780000000,0x0000000783000000)
  from space 8192K, 75% used [0x0000000783000000,0x0000000783608810,0x0000000783800000)
  to   space 8192K, 0% used [0x0000000783800000,0x0000000783800000,0x0000000784000000)
 ParOldGen       total 131072K, used 8K [0x0000000700000000, 0x0000000708000000, 0x0000000780000000)
  object space 131072K, 0% used [0x0000000700000000,0x0000000700002000,0x0000000708000000)
 Metaspace       used 9272K, capacity 9404K, committed 9600K, reserved 1058816K
  class space    used 1000K, capacity 1041K, committed 1152K, reserved 1048576K
}
Event: 5.002 GC heap before
{Heap before GC invocations=2 (full 0):
 PSYoungGen      total 57344K, used 55330K [0x0000000780000000, 0x0000000784000000, 0x00000007c0000000)
  eden space 49152K, 100% used [0x0000000780000000,0x0000000783000000,0x0000000783000000)
  from space 8192K, 75% used [0x0000000783000000,0x0000000783608810,0x0000000783800000)
  to   space 8192K, 0% used [0x0000000783800000,0x0000000783800000,0x0000000784000000)
 ParOldGen       total 131072K, used 8K [0x0000000700000000, 0x0000000708000000, 0x0000000780000000)
  object space 131072K, 0% used [0x0000000700000000,0x0000000700002000,0x0000000708000000)
 Metaspace       used 12785K, capacity 12860K, committed 13184K, reserved 1060864K
  class space    used 1532K, capacity 1553K, committed 1664K, reserved 1048576K
Event: 5.021 GC heap after
Heap after GC invocations=2 (full 0):
 PSYoungGen      total 57344K, used 8172K [0x0000000780000000, 0x0000000784000000, 0x00000007c0000000)
  eden space 49152K, 0% used [0x0000000780000000,0x0000000780000000,0x0000000783000000)
  from space 8192K, 99% used [0x0000000783800000,0x0000000783ffb0a0,0x0000000784000000)
  to   space 8192K, 0% used [0x0000000783000000,0x0000000783000000,0x0000000783800000)
 ParOldGen       total 131072K, used 886K [0x0000000700000000, 0x0000000708000000, 0x0000000780000000)
  object space 131072K, 0% used [0x0000000700000000,0x00000007000dda30,0x0000000708000000)
 Metaspace       used 12785K, capacity 12860K, committed 13184K, reserved 1060864K
  class space    used 1532K, capacity 1553K, committed 1664K, reserved 1048576K
}
Event: 6.503 GC heap before
{Heap before GC invocations=3 (full 0):
 PSYoungGen      total 57344K, used 57324K [0x0000000780000000, 0x0000000784000000, 0x00000007c0000000)
  eden space 49152K, 100% used [0x0000000780000000,0x0000000783000000,0x0000000783000000)
  from space 8192K, 99% used [0x0000000783800000,0x0000000783ffb0a0,0x0000000784000000)
  to   space 8192K, 0% used [0x0000000783000000,0x0000000783000000,0x0000000783800000)
 ParOldGen       total 131072K, used 886K [0x0000000700000000, 0x0000000708000000, 0x0000000780000000)
  object space 131072K, 0% used [0x0000000700000000,0x00000007000dda30,0x0000000708000000)
 Metaspace       used 13730K, capacity 13800K, committed 13952K, reserved 1060864K
  class space    used 1637K, capacity 1653K, committed 1664K, reserved 1048576K
Event: 6.527 GC heap after
Heap after GC invocations=3 (full 0):
 PSYoungGen      total 57344K, used 8175K [0x0000000780000000, 0x0000000787000000, 0x00000007c0000000)
  eden space 49152K, 0% used [0x0000000780000000,0x0000000780000000,0x0000000783000000)
  from space 8192K, 99% used [0x0000000783000000,0x00000007837fbca0,0x0000000783800000)
  to   space 8192K, 0% used [0x0000000786800000,0x0000000786800000,0x0000000787000000)
 ParOldGen       total 131072K, used 2635K [0x0000000700000000, 0x0000000708000000, 0x0000000780000000)
  object space 131072K, 2% used [0x0000000700000000,0x0000000700292de8,0x0000000708000000)
 Metaspace       used 13730K, capacity 13800K, committed 13952K, reserved 1060864K
  class space    used 1637K, capacity 1653K, committed 1664K, reserved 1048576K
}
Event: 8.962 GC heap before
{Heap before GC invocations=4 (full 0):
 PSYoungGen      total 57344K, used 57327K [0x0000000780000000, 0x0000000787000000, 0x00000007c0000000)
  eden space 49152K, 100% used [0x0000000780000000,0x0000000783000000,0x0000000783000000)
  from space 8192K, 99% used [0x0000000783000000,0x00000007837fbca0,0x0000000783800000)
  to   space 8192K, 0% used [0x0000000786800000,0x0000000786800000,0x0000000787000000)
 ParOldGen       total 131072K, used 2635K [0x0000000700000000, 0x0000000708000000, 0x0000000780000000)
  object space 131072K, 2% used [0x0000000700000000,0x0000000700292de8,0x0000000708000000)
 Metaspace       used 17866K, capacity 18062K, committed 18304K, reserved 1064960K
  class space    used 2062K, capacity 2158K, committed 2176K, reserved 1048576K
Event: 9.011 GC heap after
Heap after GC invocations=4 (full 0):
 PSYoungGen      total 106496K, used 8168K [0x0000000780000000, 0x0000000787000000, 0x00000007c0000000)
  eden space 98304K, 0% used [0x0000000780000000,0x0000000780000000,0x0000000786000000)
  from space 8192K, 99% used [0x0000000786800000,0x0000000786ffa2f0,0x0000000787000000)
  to   space 8192K, 0% used [0x0000000786000000,0x0000000786000000,0x0000000786800000)
 ParOldGen       total 131072K, used 9406K [0x0000000700000000, 0x0000000708000000, 0x0000000780000000)
  object space 131072K, 7% used [0x0000000700000000,0x000000070092fb10,0x0000000708000000)
 Metaspace       used 17866K, capacity 18062K, committed 18304K, reserved 1064960K
  class space    used 2062K, capacity 2158K, committed 2176K, reserved 1048576K
}
Event: 48757.105 GC heap before
{Heap before GC invocations=5 (full 0):
 PSYoungGen      total 106496K, used 106472K [0x0000000780000000, 0x0000000787000000, 0x00000007c0000000)
  eden space 98304K, 100% used [0x0000000780000000,0x0000000786000000,0x0000000786000000)
  from space 8192K, 99% used [0x0000000786800000,0x0000000786ffa2f0,0x0000000787000000)
  to   space 8192K, 0% used [0x0000000786000000,0x0000000786000000,0x0000000786800000)
 ParOldGen       total 131072K, used 9406K [0x0000000700000000, 0x0000000708000000, 0x0000000780000000)
  object space 131072K, 7% used [0x0000000700000000,0x000000070092fb10,0x0000000708000000)
 Metaspace       used 18600K, capacity 18842K, committed 19072K, reserved 1067008K
  class space    used 2079K, capacity 2160K, committed 2176K, reserved 1048576K
Event: 48757.134 GC heap after
Heap after GC invocations=5 (full 0):
 PSYoungGen      total 103424K, used 8191K [0x0000000780000000, 0x0000000787b00000, 0x00000007c0000000)
  eden space 95232K, 0% used [0x0000000780000000,0x0000000780000000,0x0000000785d00000)
  from space 8192K, 99% used [0x0000000786000000,0x00000007867ffff0,0x0000000786800000)
  to   space 15360K, 0% used [0x0000000786c00000,0x0000000786c00000,0x0000000787b00000)
 ParOldGen       total 131072K, used 11909K [0x0000000700000000, 0x0000000708000000, 0x0000000780000000)
  object space 131072K, 9% used [0x0000000700000000,0x0000000700ba15f0,0x0000000708000000)
 Metaspace       used 18600K, capacity 18842K, committed 19072K, reserved 1067008K
  class space    used 2079K, capacity 2160K, committed 2176K, reserved 1048576K
}

Deoptimization events (10 events):
Event: 82265.872 Thread 0x000001727ea96800 Uncommon trap: reason=unhandled action=none pc=0x0000017200b47278 method=com.crystaldecisions.thirdparty.com.ooc.PortableInterceptor.RequestInfo_impl.getServiceContext(Ljava/util/Vector;I)Lcom/crystaldecisions/thirdparty/org/omg/IOP/ServiceContext; @ 130
Event: 82265.888 Thread 0x000001727ea96800 Uncommon trap: reason=unhandled action=none pc=0x0000017200b47278 method=com.crystaldecisions.thirdparty.com.ooc.PortableInterceptor.RequestInfo_impl.getServiceContext(Ljava/util/Vector;I)Lcom/crystaldecisions/thirdparty/org/omg/IOP/ServiceContext; @ 130
Event: 82385.910 Thread 0x000001727ea96800 Uncommon trap: reason=unhandled action=none pc=0x0000017200b47278 method=com.crystaldecisions.thirdparty.com.ooc.PortableInterceptor.RequestInfo_impl.getServiceContext(Ljava/util/Vector;I)Lcom/crystaldecisions/thirdparty/org/omg/IOP/ServiceContext; @ 130
Event: 82385.910 Thread 0x000001727ea96800 Uncommon trap: reason=unhandled action=none pc=0x0000017200b47278 method=com.crystaldecisions.thirdparty.com.ooc.PortableInterceptor.RequestInfo_impl.getServiceContext(Ljava/util/Vector;I)Lcom/crystaldecisions/thirdparty/org/omg/IOP/ServiceContext; @ 130
Event: 82505.931 Thread 0x000001727ea96800 Uncommon trap: reason=unhandled action=none pc=0x0000017200b47278 method=com.crystaldecisions.thirdparty.com.ooc.PortableInterceptor.RequestInfo_impl.getServiceContext(Ljava/util/Vector;I)Lcom/crystaldecisions/thirdparty/org/omg/IOP/ServiceContext; @ 130
Event: 82505.934 Thread 0x000001727ea96800 Uncommon trap: reason=unhandled action=none pc=0x0000017200b47278 method=com.crystaldecisions.thirdparty.com.ooc.PortableInterceptor.RequestInfo_impl.getServiceContext(Ljava/util/Vector;I)Lcom/crystaldecisions/thirdparty/org/omg/IOP/ServiceContext; @ 130
Event: 82505.986 Thread 0x000001727ea96800 Uncommon trap: reason=unhandled action=none pc=0x0000017200b47278 method=com.crystaldecisions.thirdparty.com.ooc.PortableInterceptor.RequestInfo_impl.getServiceContext(Ljava/util/Vector;I)Lcom/crystaldecisions/thirdparty/org/omg/IOP/ServiceContext; @ 130
Event: 82505.991 Thread 0x000001727ea96800 Uncommon trap: reason=unhandled action=none pc=0x0000017200b47278 method=com.crystaldecisions.thirdparty.com.ooc.PortableInterceptor.RequestInfo_impl.getServiceContext(Ljava/util/Vector;I)Lcom/crystaldecisions/thirdparty/org/omg/IOP/ServiceContext; @ 130
Event: 82505.999 Thread 0x000001727ea96800 Uncommon trap: reason=unhandled action=none pc=0x0000017200b47278 method=com.crystaldecisions.thirdparty.com.ooc.PortableInterceptor.RequestInfo_impl.getServiceContext(Ljava/util/Vector;I)Lcom/crystaldecisions/thirdparty/org/omg/IOP/ServiceContext; @ 130
Event: 82506.015 Thread 0x000001727ea96800 Uncommon trap: reason=unhandled action=none pc=0x0000017200b47278 method=com.crystaldecisions.thirdparty.com.ooc.PortableInterceptor.RequestInfo_impl.getServiceContext(Ljava/util/Vector;I)Lcom/crystaldecisions/thirdparty/org/omg/IOP/ServiceContext; @ 130

Classes redefined (5 events):
Event: 36655.182 Thread 0x000001727c545800 redefined class name=instances.instances, count=1
Event: 74070.498 Thread 0x000001727c545800 redefined class name=instances.instances, count=2
Event: 81866.242 Thread 0x000001727c545800 redefined class name=instances.instances, count=3
Event: 82202.696 Thread 0x000001727c545800 redefined class name=instances.instances, count=4
Event: 82453.269 Thread 0x000001727c545800 redefined class name=instances.instances, count=5

Internal exceptions (10 events):
Event: 82265.831 Thread 0x000001727ea96800 Exception <a 'java/lang/ClassCastException'> (0x00000007819293a0) thrown at [C:\jenkins\workspace\8-2-build-windows-amd64-cygwin\jdk8u281\880\hotspot\src\share\vm\runtime\sharedRuntime.cpp, line 609]
Event: 82265.872 Thread 0x000001727ea96800 Exception <a 'java/lang/ClassCastException'> (0x000000078192f928) thrown at [C:\jenkins\workspace\8-2-build-windows-amd64-cygwin\jdk8u281\880\hotspot\src\share\vm\runtime\sharedRuntime.cpp, line 609]
Event: 82385.907 Thread 0x000001727ea96800 Exception <a 'java/io/FileNotFoundException'> (0x00000007819377d0) thrown at [C:\jenkins\workspace\8-2-build-windows-amd64-cygwin\jdk8u281\880\hotspot\src\share\vm\prims\jni.cpp, line 710]
Event: 82385.908 Thread 0x000001727ea96800 Exception <a 'java/lang/ClassCastException'> (0x0000000781938f98) thrown at [C:\jenkins\workspace\8-2-build-windows-amd64-cygwin\jdk8u281\880\hotspot\src\share\vm\runtime\sharedRuntime.cpp, line 609]
Event: 82505.926 Thread 0x000001727ea96800 Exception <a 'java/io/FileNotFoundException'> (0x000000078193bbd0) thrown at [C:\jenkins\workspace\8-2-build-windows-amd64-cygwin\jdk8u281\880\hotspot\src\share\vm\prims\jni.cpp, line 710]
Event: 82505.928 Thread 0x000001727ea96800 Exception <a 'java/lang/ClassCastException'> (0x000000078193d398) thrown at [C:\jenkins\workspace\8-2-build-windows-amd64-cygwin\jdk8u281\880\hotspot\src\share\vm\runtime\sharedRuntime.cpp, line 609]
Event: 82505.943 Thread 0x000001727ea96800 Exception <a 'java/lang/ClassCastException'> (0x0000000781943f40) thrown at [C:\jenkins\workspace\8-2-build-windows-amd64-cygwin\jdk8u281\880\hotspot\src\share\vm\runtime\sharedRuntime.cpp, line 609]
Event: 82505.969 Thread 0x000001727ea96800 Exception <a 'java/lang/ClassCastException'> (0x000000078194b7e8) thrown at [C:\jenkins\workspace\8-2-build-windows-amd64-cygwin\jdk8u281\880\hotspot\src\share\vm\runtime\sharedRuntime.cpp, line 609]
Event: 82505.984 Thread 0x000001727ea96800 Exception <a 'java/lang/ClassCastException'> (0x0000000781952150) thrown at [C:\jenkins\workspace\8-2-build-windows-amd64-cygwin\jdk8u281\880\hotspot\src\share\vm\runtime\sharedRuntime.cpp, line 609]
Event: 82505.999 Thread 0x000001727ea96800 Exception <a 'java/lang/ClassCastException'> (0x0000000781958938) thrown at [C:\jenkins\workspace\8-2-build-windows-amd64-cygwin\jdk8u281\880\hotspot\src\share\vm\runtime\sharedRuntime.cpp, line 609]

Events (10 events):
Event: 82538.218 Executing VM operation: GetCurrentContendedMonitor done
Event: 82538.219 Executing VM operation: GetOwnedMonitorInfo
Event: 82538.219 Executing VM operation: GetOwnedMonitorInfo done
Event: 82538.219 Executing VM operation: GetCurrentContendedMonitor
Event: 82538.219 Executing VM operation: GetCurrentContendedMonitor done
Event: 82538.232 Executing VM operation: GetCurrentContendedMonitor
Event: 82538.232 Executing VM operation: GetCurrentContendedMonitor done
Event: 82538.232 Executing VM operation: GetOwnedMonitorInfo
Event: 82538.232 Executing VM operation: GetOwnedMonitorInfo done
Event: 82540.797 Executing VM operation: GetOrSetLocal


Dynamic libraries:
0x00007ff797ea0000 - 0x00007ff797ee7000 	C:\Program Files\Java\jdk1.8.0_281\bin\javaw.exe
0x00007ffc54c90000 - 0x00007ffc54e88000 	C:\WINDOWS\SYSTEM32\ntdll.dll
0x00007ffc54060000 - 0x00007ffc5411d000 	C:\WINDOWS\System32\KERNEL32.DLL
0x00007ffc52680000 - 0x00007ffc5294e000 	C:\WINDOWS\System32\KERNELBASE.dll
0x0000000063790000 - 0x000000006383f000 	C:\ProgramData\Symantec\Symantec Endpoint Protection\14.3.5427.3000.105\Data\Sysfer\x64\sysfer.dll
0x00007ffc52d80000 - 0x00007ffc52e2e000 	C:\WINDOWS\System32\ADVAPI32.dll
0x00007ffc539d0000 - 0x00007ffc53a6e000 	C:\WINDOWS\System32\msvcrt.dll
0x00007ffc532a0000 - 0x00007ffc5333c000 	C:\WINDOWS\System32\sechost.dll
0x00007ffc53ec0000 - 0x00007ffc53fe5000 	C:\WINDOWS\System32\RPCRT4.dll
0x00007ffc53620000 - 0x00007ffc537c0000 	C:\WINDOWS\System32\USER32.dll
0x00007ffc52cc0000 - 0x00007ffc52ce2000 	C:\WINDOWS\System32\win32u.dll
0x00007ffc534c0000 - 0x00007ffc534ea000 	C:\WINDOWS\System32\GDI32.dll
0x00007ffc52a50000 - 0x00007ffc52b5b000 	C:\WINDOWS\System32\gdi32full.dll
0x00007ffc52c20000 - 0x00007ffc52cbd000 	C:\WINDOWS\System32\msvcp_win.dll
0x00007ffc52950000 - 0x00007ffc52a50000 	C:\WINDOWS\System32\ucrtbase.dll
0x00007ffc4e4f0000 - 0x00007ffc4e78a000 	C:\WINDOWS\WinSxS\amd64_microsoft.windows.common-controls_6595b64144ccf1df_6.0.19041.1110_none_60b5254171f9507e\COMCTL32.dll
0x00007ffc54b90000 - 0x00007ffc54b98000 	C:\WINDOWS\System32\psapi.dll
0x00007ffc54bc0000 - 0x00007ffc54bf0000 	C:\WINDOWS\System32\IMM32.DLL
0x00007ffc521c0000 - 0x00007ffc521f8000 	C:\Program Files\Citrix\System32\MfApHook64.dll
0x00007ffc520f0000 - 0x00007ffc52102000 	C:\Program Files\Citrix\IcaService\FullScreenHook64.dll
0x00007ffc52060000 - 0x00007ffc520ee000 	C:\WINDOWS\SYSTEM32\MSVCP140.dll
0x00007ffc46ce0000 - 0x00007ffc46cf5000 	C:\Program Files\Java\jdk1.8.0_281\bin\VCRUNTIME140.dll
0x00007ffc52030000 - 0x00007ffc5203c000 	C:\WINDOWS\SYSTEM32\VCRUNTIME140_1.dll
0x00007ffc518b0000 - 0x00007ffc518da000 	C:\Program Files\Citrix\ICAService\ShellHook64.dll
0x00007ffc54bf0000 - 0x00007ffc54c45000 	C:\WINDOWS\System32\SHLWAPI.dll
0x00007ffc51af0000 - 0x00007ffc51bff000 	C:\Program Files\Citrix\IcaService\SCardHook64.dll
0x00007ffc51860000 - 0x00007ffc51880000 	C:\Program Files\Citrix\ICAService\cxinjime64.dll
0x00007ffc51830000 - 0x00007ffc5185c000 	C:\Program Files\Citrix\ICAService\PicaWtsHook64.dll
0x00007ffc42f60000 - 0x00007ffc42f75000 	C:\Program Files\Java\jdk1.8.0_281\jre\bin\vcruntime140.dll
0x00007ffc21a70000 - 0x00007ffc21b0b000 	C:\Program Files\Java\jdk1.8.0_281\jre\bin\msvcp140.dll
0x00000000625a0000 - 0x0000000062dff000 	C:\Program Files\Java\jdk1.8.0_281\jre\bin\server\jvm.dll
0x00007ffc45750000 - 0x00007ffc45759000 	C:\WINDOWS\SYSTEM32\WSOCK32.dll
0x00007ffc53ff0000 - 0x00007ffc5405b000 	C:\WINDOWS\System32\WS2_32.dll
0x00007ffc4af30000 - 0x00007ffc4af57000 	C:\WINDOWS\SYSTEM32\WINMM.dll
0x00007ffc51f40000 - 0x00007ffc51f4a000 	C:\WINDOWS\SYSTEM32\VERSION.dll
0x00007ffc50420000 - 0x00007ffc50432000 	C:\WINDOWS\SYSTEM32\kernel.appcore.dll
0x00007ffc4ccd0000 - 0x00007ffc4cce0000 	C:\Program Files\Java\jdk1.8.0_281\jre\bin\verify.dll
0x00007ffc2b7b0000 - 0x00007ffc2b7db000 	C:\Program Files\Java\jdk1.8.0_281\jre\bin\java.dll
0x00007ffc2a410000 - 0x00007ffc2a446000 	C:\Program Files\Java\jdk1.8.0_281\jre\bin\jdwp.dll
0x00007ffc4b4f0000 - 0x00007ffc4b4f9000 	C:\Program Files\Java\jdk1.8.0_281\jre\bin\npt.dll
0x00007ffc251d0000 - 0x00007ffc25200000 	C:\Program Files\Java\jdk1.8.0_281\jre\bin\instrument.dll
0x00007ffc32f40000 - 0x00007ffc32f58000 	C:\Program Files\Java\jdk1.8.0_281\jre\bin\zip.dll
0x00007ffc54120000 - 0x00007ffc54864000 	C:\WINDOWS\System32\SHELL32.dll
0x00007ffc4fc80000 - 0x00007ffc50414000 	C:\WINDOWS\SYSTEM32\windows.storage.dll
0x00007ffc53b50000 - 0x00007ffc53ea4000 	C:\WINDOWS\System32\combase.dll
0x00007ffc51620000 - 0x00007ffc51650000 	C:\WINDOWS\SYSTEM32\Wldp.dll
0x00007ffc54930000 - 0x00007ffc549dd000 	C:\WINDOWS\System32\SHCORE.dll
0x00007ffc522f0000 - 0x00007ffc5230f000 	C:\WINDOWS\SYSTEM32\profapi.dll
0x00007ffc3cd10000 - 0x00007ffc3cd1a000 	C:\Program Files\Java\jdk1.8.0_281\jre\bin\dt_socket.dll
0x00007ffc49bd0000 - 0x00007ffc49be7000 	C:\WINDOWS\system32\napinsp.dll
0x00007ffc49bf0000 - 0x00007ffc49c0b000 	C:\WINDOWS\system32\pnrpnsp.dll
0x00007ffc49c40000 - 0x00007ffc49c55000 	C:\WINDOWS\system32\wshbth.dll
0x00007ffc4c0a0000 - 0x00007ffc4c0bd000 	C:\WINDOWS\system32\NLAapi.dll
0x00007ffc51070000 - 0x00007ffc510ab000 	C:\WINDOWS\SYSTEM32\IPHLPAPI.DLL
0x00007ffc51380000 - 0x00007ffc513ea000 	C:\WINDOWS\System32\mswsock.dll
0x00007ffc510c0000 - 0x00007ffc5118b000 	C:\WINDOWS\SYSTEM32\DNSAPI.dll
0x00007ffc549e0000 - 0x00007ffc549e8000 	C:\WINDOWS\System32\NSI.dll
0x00007ffc49c10000 - 0x00007ffc49c22000 	C:\WINDOWS\System32\winrnr.dll
0x00007ffc4cd70000 - 0x00007ffc4cdf0000 	C:\WINDOWS\System32\fwpuclnt.dll
0x00007ffc52b60000 - 0x00007ffc52b87000 	C:\WINDOWS\System32\bcrypt.dll
0x00007ffc4c4b0000 - 0x00007ffc4c4ba000 	C:\Windows\System32\rasadhlp.dll
0x00007ffc33420000 - 0x00007ffc3342d000 	C:\Program Files\Java\jdk1.8.0_281\jre\bin\management.dll
0x00007ffc23a60000 - 0x00007ffc23a7c000 	C:\Program Files\Java\jdk1.8.0_281\jre\bin\net.dll
0x00007ffc51570000 - 0x00007ffc51588000 	C:\WINDOWS\SYSTEM32\CRYPTSP.dll
0x00007ffc50bf0000 - 0x00007ffc50c24000 	C:\WINDOWS\system32\rsaenh.dll
0x00007ffc52220000 - 0x00007ffc5224e000 	C:\WINDOWS\SYSTEM32\USERENV.dll
0x00007ffc52b90000 - 0x00007ffc52c12000 	C:\WINDOWS\System32\bcryptprimitives.dll
0x00007ffc51590000 - 0x00007ffc5159c000 	C:\WINDOWS\SYSTEM32\CRYPTBASE.dll
0x00007ffc4cc80000 - 0x00007ffc4cc97000 	C:\WINDOWS\SYSTEM32\dhcpcsvc6.DLL
0x00007ffc4cc60000 - 0x00007ffc4cc7d000 	C:\WINDOWS\SYSTEM32\dhcpcsvc.DLL
0x00007ffc23790000 - 0x00007ffc237a3000 	C:\Program Files\Java\jdk1.8.0_281\jre\bin\nio.dll
0x00007ffc30dd0000 - 0x00007ffc30ddd000 	C:\Program Files\Java\jdk1.8.0_281\jre\bin\sunmscapi.dll
0x00007ffc523b0000 - 0x00007ffc52506000 	C:\WINDOWS\System32\CRYPT32.dll
0x00007ffc51690000 - 0x00007ffc516b7000 	C:\WINDOWS\SYSTEM32\ncrypt.dll
0x00007ffc51650000 - 0x00007ffc5168b000 	C:\WINDOWS\SYSTEM32\NTASN1.dll
0x00007ffc4f7f0000 - 0x00007ffc4f9d4000 	C:\WINDOWS\SYSTEM32\dbghelp.dll

VM Arguments:
jvm_args: -agentlib:jdwp=transport=dt_socket,suspend=y,address=localhost:63274 -javaagent:C:\Users\jason.bishop\Eclipse\eclipse\configuration\org.eclipse.osgi\220\0\.cp\lib\javaagent-shaded.jar -Dfile.encoding=Cp1252 
java_command: instances.instances
java_class_path (initial): C:\Users\jason.bishop\2020eclipse-workspace\Instances\bin;C:\Users\jason.bishop\Desktop\lib\activation.jar;C:\Users\jason.bishop\Desktop\lib\aopalliance.jar;C:\Users\jason.bishop\Desktop\lib\aspectjrt.jar;C:\Users\jason.bishop\Desktop\lib\cryptojFIPS.jar;C:\Users\jason.bishop\Desktop\lib\cryptojce.jar;C:\Users\jason.bishop\Desktop\lib\jcmFIPS.jar;C:\Users\jason.bishop\Desktop\lib\bcm.jar;C:\Users\jason.bishop\Desktop\lib\bcprov-jdk15-140.jar;C:\Users\jason.bishop\Desktop\lib\bcr.jar;C:\Users\jason.bishop\Desktop\lib\bcr_chart_lib.jar;C:\Users\jason.bishop\Desktop\lib\ceaspect.jar;C:\Users\jason.bishop\Desktop\lib\cecore.jar;C:\Users\jason.bishop\Desktop\lib\celib.jar;C:\Users\jason.bishop\Desktop\lib\ceplugins_cr.jar;C:\Users\jason.bishop\Desktop\lib\ceplugins_core.jar;C:\Users\jason.bishop\Desktop\lib\corbaidl.jar;C:\Users\jason.bishop\Desktop\lib\ebus405.jar;C:\Users\jason.bishop\Desktop\lib\cvom.jar;C:\Users\jason.bishop\Desktop\lib\logging.jar;C:\Users\jason.bishop\Desktop\lib\CrystalReportsSDK.jar;C:\Users\jason.bishop\Desktop\lib\CrystalEnterpriseRepositoryService.jar;C:\Users\jason.bishop\Desktop\lib\TraceLog.jar;C:\Users\jason.bishop\Desktop\lib\SL_plugins.jar;C:\Users\jason.bishop\Desktop\lib\cesession.jar;C:\Users\jason.bishop\Desktop\lib\ras21sdk.jar;C:\Users\jason.bishop\Desktop\lib\deploy.jar;C:\Users\jason.bishop\Desktop\lib\ccis.jar;C:\Users\jason.bishop\Desktop\lib\cereports.jar;C:\Users\jason.bishop\Desktop\lib\log4j.jar;C:\Users\jason.bishop\Desktop\lib\biarengine.jar;C:\Users\jason.bishop\Desktop\lib\bipjcomanager.jar;C:\Users\jason.bishop\Desktop\lib\biplugins.jar;C:\Users\jason.bishop\Desktop\lib\boconfig.jar;C:\Users\jason.bishop\Desktop\lib\cdsframework.jar;C:\Users\jason.bishop\Desktop\lib\cdsframework_common.jar;C:\Users\jason.bishop\Desktop\lib\cdsframeworkutils.jar;C:\Users\jason.bishop\Desktop\lib\cdsuiframework.jar;C:\Users\jason.bishop\Desktop\lib\cdz_cluster_mgmt_types_idl.jar;C:\Users\jason.bishop\Desktop\
Launcher Type: SUN_STANDARD

Environment Variables:
PATH=C:\Program Files\Java\jdk1.8.0_281\jre\bin;C:/Users/jason.bishop/.p2/pool/plugins/org.eclipse.justj.openjdk.hotspot.jre.full.win32.x86_64_15.0.1.v20201027-0507/jre/bin/server;C:/Users/jason.bishop/.p2/pool/plugins/org.eclipse.justj.openjdk.hotspot.jre.full.win32.x86_64_15.0.1.v20201027-0507/jre/bin;C:\Program Files (x86)\Common Files\Oracle\Java\javapath;C:\app\Oracle32_12c\product\12.1.0\client_1\bin;C:\oracle12c\product\12.2.0\client_1\bin;C:\WINDOWS\system32;C:\WINDOWS;C:\WINDOWS\System32\Wbem;C:\WINDOWS\System32\WindowsPowerShell\v1.0\;C:\Program Files\Microsoft Network Monitor 3\;C:\Program Files\PuTTY\;C:\WINDOWS\System32\OpenSSH\;C:\Program Files (x86)\Microsoft SQL Server\150\DTS\Binn\;C:\Program Files\Azure Data Studio\bin;C:\Program Files\Citrix\System32\;C:\Program Files\Citrix\ICAService\;C:\Program Files\Citrix\Virtual Desktop Agent\;C:\Program Files\Java\jdk1.8.0_181\bin;;%USERPROFILE%\AppData\Local\Microsoft\WindowsApps;C:\Users\jason.bishop\AppData\Local\Programs\Fiddler;C:\Users\jason.bishop\Desktop;
USERNAME=jason.bishop
OS=Windows_NT
PROCESSOR_IDENTIFIER=Intel64 Family 6 Model 79 Stepping 1, GenuineIntel



---------------  S Y S T E M  ---------------

OS: Windows 10.0 , 64 bit Build 19041 (10.0.19041.1806)

CPU:total 2 (initial active 2) (2 cores per cpu, 1 threads per core) family 6 model 79 stepping 1, cmov, cx8, fxsr, mmx, sse, sse2, sse3, ssse3, sse4.1, sse4.2, popcnt, avx, avx2, aes, clmul, erms, 3dnowpref, lzcnt, tsc, tscinvbit, bmi1, bmi2, adx

Memory: 4k page, physical 12582388k(5951544k free), swap 13106676k(3526928k free)

vm_info: Java HotSpot(TM) 64-Bit Server VM (25.281-b09) for windows-amd64 JRE (1.8.0_281-b09), built on Dec  9 2020 13:54:07 by "" with MS VC++ 15.9 (VS2017)

time: Sun Jul 31 20:36:23 2022
timezone: Eastern Daylight Time
elapsed time: 82541.062064 seconds (0d 22h 55m 41s)

