#
# A fatal error has been detected by the Java Runtime Environment:
#
#  Internal Error (javaCalls.cpp:51), pid=14124, tid=0x0000000000004c8c
#  guarantee(thread->is_Java_thread()) failed: crucial check - the VM thread cannot and must not escape to Java code
#
# JRE version: Java(TM) SE Runtime Environment (8.0_281-b09) (build 1.8.0_281-b09)
# Java VM: Java HotSpot(TM) 64-Bit Server VM (25.281-b09 mixed mode windows-amd64 compressed oops)
# Failed to write core dump. Minidumps are not enabled by default on client versions of Windows
#
# If you would like to submit a bug report, please visit:
#   http://bugreport.java.com/bugreport/crash.jsp
#

---------------  T H R E A D  ---------------

Current thread (0x0000019b7fe76800):  VMThread [stack: 0x00000025ba000000,0x00000025ba100000] [id=19596]

Stack: [0x00000025ba000000,0x00000025ba100000]
Native frames: (J=compiled Java code, j=interpreted, Vv=VM code, C=native code)
V  [jvm.dll+0x32e5b9]
V  [jvm.dll+0x275012]
V  [jvm.dll+0x275cbd]
V  [jvm.dll+0x26c677]
V  [jvm.dll+0x20a8ed]
V  [jvm.dll+0x20af37]
V  [jvm.dll+0x32e4d2]
V  [jvm.dll+0x20b561]
V  [jvm.dll+0x26d8c5]
V  [jvm.dll+0x26db0d]
V  [jvm.dll+0x26dc59]
V  [jvm.dll+0x10ad98]
V  [jvm.dll+0x1068fb]
V  [jvm.dll+0x1087e9]
V  [jvm.dll+0x10902e]
V  [jvm.dll+0x10669a]
V  [jvm.dll+0x10582a]
V  [jvm.dll+0xcd14b]
V  [jvm.dll+0xcdbe3]
V  [jvm.dll+0x112634]
V  [jvm.dll+0x135930]
V  [jvm.dll+0x1b8ce1]
V  [jvm.dll+0x245447]
V  [jvm.dll+0x243bb5]
V  [jvm.dll+0x24432c]
V  [jvm.dll+0x24463c]
V  [jvm.dll+0x291cbc]
C  [ucrtbase.dll+0x210b2]
C  [KERNEL32.DLL+0x17c24]
C  [ntdll.dll+0x6d721]

VM_Operation (0x00000025ba5ff100): GetOrSetLocal, mode: safepoint, requested by thread 0x0000019b7fef6000


---------------  P R O C E S S  ---------------

Java Threads: ( => current thread )
  0x0000019b17db5000 JavaThread "ORBacus:Client:ReceiverThread" daemon [_thread_in_native, id=2716, stack(0x00000025bb000000,0x00000025bb100000)]
  0x0000019b18061000 JavaThread "ORBacus:Client:SenderThread" daemon [_thread_blocked, id=16672, stack(0x00000025baf00000,0x00000025bb000000)]
  0x0000019b17d33800 JavaThread "Business Objects - Sessions Clean up" daemon [_thread_blocked, id=17960, stack(0x00000025bac00000,0x00000025bad00000)]
  0x0000019b17688800 JavaThread "Service Thread" daemon [_thread_blocked, id=19276, stack(0x00000025baa00000,0x00000025bab00000)]
  0x0000019b17678800 JavaThread "C1 CompilerThread1" daemon [_thread_blocked, id=5544, stack(0x00000025ba900000,0x00000025baa00000)]
  0x0000019b17678000 JavaThread "C2 CompilerThread0" daemon [_thread_blocked, id=14372, stack(0x00000025ba800000,0x00000025ba900000)]
  0x0000019b7fefb800 JavaThread "JDWP Command Reader" daemon [_thread_in_native, id=17368, stack(0x00000025ba700000,0x00000025ba800000)]
  0x0000019b7fef9800 JavaThread "JDWP Event Helper Thread" daemon [_thread_blocked, id=16492, stack(0x00000025ba600000,0x00000025ba700000)]
  0x0000019b7fef6000 JavaThread "JDWP Transport Listener: dt_socket" daemon [_thread_blocked, id=9432, stack(0x00000025ba500000,0x00000025ba600000)]
  0x0000019b7fed0800 JavaThread "Attach Listener" daemon [_thread_blocked, id=9600, stack(0x00000025ba400000,0x00000025ba500000)]
  0x0000019b7fecf800 JavaThread "Signal Dispatcher" daemon [_thread_blocked, id=16836, stack(0x00000025ba300000,0x00000025ba400000)]
  0x0000019b7feaa800 JavaThread "Finalizer" daemon [_thread_blocked, id=22664, stack(0x00000025ba200000,0x00000025ba300000)]
  0x0000019b7fe83000 JavaThread "Reference Handler" daemon [_thread_blocked, id=11296, stack(0x00000025ba100000,0x00000025ba200000)]
  0x0000019b7d46f800 JavaThread "main" [_thread_blocked, id=21476, stack(0x00000025b9d00000,0x00000025b9e00000)]

Other Threads:
=>0x0000019b7fe76800 VMThread [stack: 0x00000025ba000000,0x00000025ba100000] [id=19596]
  0x0000019b1778b800 WatcherThread [stack: 0x00000025bab00000,0x00000025bac00000] [id=11892]

VM state:at safepoint (normal execution)

VM Mutex/Monitor currently owned by a thread:  ([mutex/lock_event])
[0x0000019b7d476ed0] Threads_lock - owner thread: 0x0000019b7fe76800

heap address: 0x0000000700000000, size: 3072 MB, Compressed Oops mode: Zero based, Oop shift amount: 3
Narrow klass base: 0x0000000000000000, Narrow klass shift: 3
Compressed class space size: 1073741824 Address: 0x00000007c0000000

Heap:
 PSYoungGen      total 57344K, used 38185K [0x0000000780000000, 0x0000000787000000, 0x00000007c0000000)
  eden space 49152K, 61% used [0x0000000780000000,0x0000000781d50c30,0x0000000783000000)
  from space 8192K, 99% used [0x0000000783000000,0x00000007837f98a0,0x0000000783800000)
  to   space 8192K, 0% used [0x0000000786800000,0x0000000786800000,0x0000000787000000)
 ParOldGen       total 131072K, used 2479K [0x0000000700000000, 0x0000000708000000, 0x0000000780000000)
  object space 131072K, 1% used [0x0000000700000000,0x000000070026bd88,0x0000000708000000)
 Metaspace       used 15425K, capacity 15544K, committed 15744K, reserved 1062912K
  class space    used 1849K, capacity 1877K, committed 1920K, reserved 1048576K

Card table byte_map: [0x0000019b7f340000,0x0000019b7f950000] byte_map_base: 0x0000019b7bb40000

Marking Bits: (ParMarkBitMap*) 0x00000000640c6ff0
 Begin Bits: [0x0000019b0f000000, 0x0000019b12000000)
 End Bits:   [0x0000019b12000000, 0x0000019b15000000)

Polling page: 0x0000019b7d660000

CodeCache: size=245760Kb used=6443Kb max_used=6519Kb free=239316Kb
 bounds [0x0000019b00000000, 0x0000019b00680000, 0x0000019b0f000000]
 total_blobs=1858 nmethods=1455 adapters=323
 compilation: enabled

Compilation events (10 events):
Event: 203.123 Thread 0x0000019b17678000 nmethod 1511 0x0000019b00635250 code [0x0000019b00635380, 0x0000019b00635418]
Event: 203.124 Thread 0x0000019b17678800 nmethod 1509 0x0000019b0012a610 code [0x0000019b0012a7a0, 0x0000019b0012acf0]
Event: 203.124 Thread 0x0000019b17678800 1510       1       java.util.LinkedHashMap::removeEldestEntry (2 bytes)
Event: 203.124 Thread 0x0000019b17678800 nmethod 1510 0x0000019b00634f90 code [0x0000019b006350e0, 0x0000019b006351f8]
Event: 243.915 Thread 0x0000019b17678800 1512       1       com.crystaldecisions.thirdparty.com.ooc.OB.Client::codeConverters (5 bytes)
Event: 243.915 Thread 0x0000019b17678800 nmethod 1512 0x0000019b0012a110 code [0x0000019b0012a260, 0x0000019b0012a378]
Event: 243.916 Thread 0x0000019b17678800 1513       3       com.sap.tracelog.log4j.TraceLogLogger::isDebugEnabled (10 bytes)
Event: 243.916 Thread 0x0000019b17678800 nmethod 1513 0x0000019b0010c590 code [0x0000019b0010c700, 0x0000019b0010c950]
Event: 313.264 Thread 0x0000019b17678000 1514       4       org.eclipse.jdt.launching.internal.org.objectweb.asm.SymbolTable::<init> (536 bytes)
Event: 313.635 Thread 0x0000019b17678000 nmethod 1514 0x0000019b00669250 code [0x0000019b00669700, 0x0000019b00670790]

GC Heap History (6 events):
Event: 3.360 GC heap before
{Heap before GC invocations=1 (full 0):
 PSYoungGen      total 57344K, used 49152K [0x0000000780000000, 0x0000000784000000, 0x00000007c0000000)
  eden space 49152K, 100% used [0x0000000780000000,0x0000000783000000,0x0000000783000000)
  from space 8192K, 0% used [0x0000000783800000,0x0000000783800000,0x0000000784000000)
  to   space 8192K, 0% used [0x0000000783000000,0x0000000783000000,0x0000000783800000)
 ParOldGen       total 131072K, used 0K [0x0000000700000000, 0x0000000708000000, 0x0000000780000000)
  object space 131072K, 0% used [0x0000000700000000,0x0000000700000000,0x0000000708000000)
 Metaspace       used 9105K, capacity 9260K, committed 9600K, reserved 1058816K
  class space    used 1009K, capacity 1041K, committed 1152K, reserved 1048576K
Event: 3.373 GC heap after
Heap after GC invocations=1 (full 0):
 PSYoungGen      total 57344K, used 5986K [0x0000000780000000, 0x0000000784000000, 0x00000007c0000000)
  eden space 49152K, 0% used [0x0000000780000000,0x0000000780000000,0x0000000783000000)
  from space 8192K, 73% used [0x0000000783000000,0x00000007835d8890,0x0000000783800000)
  to   space 8192K, 0% used [0x0000000783800000,0x0000000783800000,0x0000000784000000)
 ParOldGen       total 131072K, used 16K [0x0000000700000000, 0x0000000708000000, 0x0000000780000000)
  object space 131072K, 0% used [0x0000000700000000,0x0000000700004000,0x0000000708000000)
 Metaspace       used 9105K, capacity 9260K, committed 9600K, reserved 1058816K
  class space    used 1009K, capacity 1041K, committed 1152K, reserved 1048576K
}
Event: 4.719 GC heap before
{Heap before GC invocations=2 (full 0):
 PSYoungGen      total 57344K, used 55138K [0x0000000780000000, 0x0000000784000000, 0x00000007c0000000)
  eden space 49152K, 100% used [0x0000000780000000,0x0000000783000000,0x0000000783000000)
  from space 8192K, 73% used [0x0000000783000000,0x00000007835d8890,0x0000000783800000)
  to   space 8192K, 0% used [0x0000000783800000,0x0000000783800000,0x0000000784000000)
 ParOldGen       total 131072K, used 16K [0x0000000700000000, 0x0000000708000000, 0x0000000780000000)
  object space 131072K, 0% used [0x0000000700000000,0x0000000700004000,0x0000000708000000)
 Metaspace       used 12545K, capacity 12652K, committed 12928K, reserved 1060864K
  class space    used 1529K, capacity 1553K, committed 1664K, reserved 1048576K
Event: 4.752 GC heap after
Heap after GC invocations=2 (full 0):
 PSYoungGen      total 57344K, used 8172K [0x0000000780000000, 0x0000000787000000, 0x00000007c0000000)
  eden space 49152K, 0% used [0x0000000780000000,0x0000000780000000,0x0000000783000000)
  from space 8192K, 99% used [0x0000000783800000,0x0000000783ffb260,0x0000000784000000)
  to   space 8192K, 0% used [0x0000000783000000,0x0000000783000000,0x0000000783800000)
 ParOldGen       total 131072K, used 872K [0x0000000700000000, 0x0000000708000000, 0x0000000780000000)
  object space 131072K, 0% used [0x0000000700000000,0x00000007000da170,0x0000000708000000)
 Metaspace       used 12545K, capacity 12652K, committed 12928K, reserved 1060864K
  class space    used 1529K, capacity 1553K, committed 1664K, reserved 1048576K
}
Event: 6.135 GC heap before
{Heap before GC invocations=3 (full 0):
 PSYoungGen      total 57344K, used 57324K [0x0000000780000000, 0x0000000787000000, 0x00000007c0000000)
  eden space 49152K, 100% used [0x0000000780000000,0x0000000783000000,0x0000000783000000)
  from space 8192K, 99% used [0x0000000783800000,0x0000000783ffb260,0x0000000784000000)
  to   space 8192K, 0% used [0x0000000783000000,0x0000000783000000,0x0000000783800000)
 ParOldGen       total 131072K, used 872K [0x0000000700000000, 0x0000000708000000, 0x0000000780000000)
  object space 131072K, 0% used [0x0000000700000000,0x00000007000da170,0x0000000708000000)
 Metaspace       used 13488K, capacity 13592K, committed 13696K, reserved 1060864K
  class space    used 1634K, capacity 1653K, committed 1664K, reserved 1048576K
Event: 6.147 GC heap after
Heap after GC invocations=3 (full 0):
 PSYoungGen      total 57344K, used 8166K [0x0000000780000000, 0x0000000787000000, 0x00000007c0000000)
  eden space 49152K, 0% used [0x0000000780000000,0x0000000780000000,0x0000000783000000)
  from space 8192K, 99% used [0x0000000783000000,0x00000007837f98a0,0x0000000783800000)
  to   space 8192K, 0% used [0x0000000786800000,0x0000000786800000,0x0000000787000000)
 ParOldGen       total 131072K, used 2479K [0x0000000700000000, 0x0000000708000000, 0x0000000780000000)
  object space 131072K, 1% used [0x0000000700000000,0x000000070026bd88,0x0000000708000000)
 Metaspace       used 13488K, capacity 13592K, committed 13696K, reserved 1060864K
  class space    used 1634K, capacity 1653K, committed 1664K, reserved 1048576K
}

Deoptimization events (10 events):
Event: 4.213 Thread 0x0000019b7d46f800 Uncommon trap: reason=bimorphic action=maybe_recompile pc=0x0000019b003cadb8 method=java.util.HashMap.putVal(ILjava/lang/Object;Ljava/lang/Object;ZZ)Ljava/lang/Object; @ 91
Event: 4.213 Thread 0x0000019b7d46f800 Uncommon trap: reason=bimorphic action=maybe_recompile pc=0x0000019b003cadb8 method=java.util.HashMap.putVal(ILjava/lang/Object;Ljava/lang/Object;ZZ)Ljava/lang/Object; @ 91
Event: 4.319 Thread 0x0000019b7d46f800 Uncommon trap: reason=bimorphic action=maybe_recompile pc=0x0000019b003cadb8 method=java.util.HashMap.putVal(ILjava/lang/Object;Ljava/lang/Object;ZZ)Ljava/lang/Object; @ 91
Event: 4.319 Thread 0x0000019b7d46f800 Uncommon trap: reason=bimorphic action=maybe_recompile pc=0x0000019b003cadb8 method=java.util.HashMap.putVal(ILjava/lang/Object;Ljava/lang/Object;ZZ)Ljava/lang/Object; @ 91
Event: 4.426 Thread 0x0000019b17db2800 Uncommon trap: reason=unstable_if action=reinterpret pc=0x0000019b003f2fa4 method=java.lang.String.regionMatches(ZILjava/lang/String;II)Z @ 123
Event: 5.691 Thread 0x0000019b7d46f800 Uncommon trap: reason=unstable_if action=reinterpret pc=0x0000019b0030b6c4 method=java.util.HashMap.getNode(ILjava/lang/Object;)Ljava/util/HashMap$Node; @ 129
Event: 5.705 Thread 0x0000019b7d46f800 Uncommon trap: reason=unstable_if action=reinterpret pc=0x0000019b0050cec8 method=org.eclipse.jdt.launching.internal.org.objectweb.asm.ClassWriter.toByteArray()[B @ 149
Event: 6.164 Thread 0x0000019b7d46f800 Uncommon trap: reason=bimorphic action=maybe_recompile pc=0x0000019b005add34 method=java.util.HashMap.putVal(ILjava/lang/Object;Ljava/lang/Object;ZZ)Ljava/lang/Object; @ 203
Event: 6.164 Thread 0x0000019b7d46f800 Uncommon trap: reason=bimorphic action=maybe_recompile pc=0x0000019b005add34 method=java.util.HashMap.putVal(ILjava/lang/Object;Ljava/lang/Object;ZZ)Ljava/lang/Object; @ 203
Event: 6.368 Thread 0x0000019b7d46f800 Uncommon trap: reason=unstable_if action=reinterpret pc=0x0000019b0041e850 method=org.eclipse.jdt.launching.internal.org.objectweb.asm.ClassReader.readMethod(Lorg/eclipse/jdt/launching/internal/org/objectweb/asm/ClassVisitor;Lorg/eclipse/jdt/launching/int

Classes redefined (2 events):
Event: 140.221 Thread 0x0000019b7fe76800 redefined class name=agencyfolders.agencyfolders, count=1
Event: 313.331 Thread 0x0000019b7fe76800 redefined class name=agencyfolders.agencyfolders, count=2

Internal exceptions (10 events):
Event: 6.430 Thread 0x0000019b7d46f800 Exception <a 'java/lang/ClassCastException': com.crystaldecisions.thirdparty.com.ooc.CORBA.StubForObject cannot be cast to com.crystaldecisions.enterprise.ocaframework.idl.ImplServ.OSCAFactory> (0x0000000780fef808) thrown at [C:\jenkins\workspace\8-2-buil
Event: 6.435 Thread 0x0000019b7d46f800 Exception <a 'java/lang/ClassCastException': com.crystaldecisions.thirdparty.com.ooc.CORBA.StubForObject cannot be cast to com.crystaldecisions.enterprise.ocaframework.idl.OCA.OCAi.InfoStore_XRL4> (0x0000000781022030) thrown at [C:\jenkins\workspace\8-2-b
Event: 123.687 Thread 0x0000019b17d33800 Exception <a 'java/io/FileNotFoundException'> (0x0000000781b21408) thrown at [C:\jenkins\workspace\8-2-build-windows-amd64-cygwin\jdk8u281\880\hotspot\src\share\vm\prims\jni.cpp, line 710]
Event: 123.691 Thread 0x0000019b17d33800 Exception <a 'java/lang/ClassCastException': com.crystaldecisions.thirdparty.com.ooc.CORBA.StubForObject cannot be cast to com.crystaldecisions.enterprise.ocaframework.idl.PingerEx> (0x0000000781b4df50) thrown at [C:\jenkins\workspace\8-2-build-windows-am
Event: 123.705 Thread 0x0000019b17d33800 Exception <a 'java/lang/ClassCastException': com.crystaldecisions.thirdparty.com.ooc.CORBA.StubForObject cannot be cast to com.crystaldecisions.enterprise.ocaframework.idl.ImplServ.OSCAFactoryEx> (0x0000000781b789b8) thrown at [C:\jenkins\workspace\8-2-bu
Event: 123.833 Thread 0x0000019b17d33800 Exception <a 'java/lang/ClassCastException': com.crystaldecisions.thirdparty.com.ooc.CORBA.StubForObject cannot be cast to com.crystaldecisions.enterprise.ocaframework.idl.ImplServ.OSCAFactory> (0x0000000781b801c0) thrown at [C:\jenkins\workspace\8-2-buil
Event: 123.848 Thread 0x0000019b17d33800 Exception <a 'java/lang/ClassCastException': com.crystaldecisions.thirdparty.com.ooc.CORBA.StubForObject cannot be cast to com.crystaldecisions.enterprise.ocaframework.idl.OCA.OCAi.InfoStoreEx3> (0x0000000781b86a80) thrown at [C:\jenkins\workspace\8-2-bui
Event: 123.895 Thread 0x0000019b17d33800 Exception <a 'java/lang/ClassCastException': com.crystaldecisions.thirdparty.com.ooc.CORBA.StubForObject cannot be cast to com.crystaldecisions.enterprise.ocaframework.idl.ImplServ.OSCAFactory> (0x0000000781b8d008) thrown at [C:\jenkins\workspace\8-2-buil
Event: 243.911 Thread 0x0000019b17d33800 Exception <a 'java/io/FileNotFoundException'> (0x0000000781b94d58) thrown at [C:\jenkins\workspace\8-2-build-windows-amd64-cygwin\jdk8u281\880\hotspot\src\share\vm\prims\jni.cpp, line 710]
Event: 243.912 Thread 0x0000019b17d33800 Exception <a 'java/lang/ClassCastException': com.crystaldecisions.thirdparty.com.ooc.CORBA.StubForObject cannot be cast to com.crystaldecisions.enterprise.ocaframework.idl.PingerEx> (0x0000000781b96748) thrown at [C:\jenkins\workspace\8-2-build-windows-am

Events (10 events):
Event: 313.644 Executing VM operation: ChangeBreakpoints done
Event: 313.645 Executing VM operation: ChangeBreakpoints
Event: 313.645 Executing VM operation: ChangeBreakpoints done
Event: 313.664 Executing VM operation: ChangeBreakpoints
Event: 313.667 Executing VM operation: ChangeBreakpoints done
Event: 313.832 Executing VM operation: GetOwnedMonitorInfo
Event: 313.832 Executing VM operation: GetOwnedMonitorInfo done
Event: 313.833 Executing VM operation: GetCurrentContendedMonitor
Event: 313.833 Executing VM operation: GetCurrentContendedMonitor done
Event: 316.341 Executing VM operation: GetOrSetLocal


Dynamic libraries:
0x00007ff782c30000 - 0x00007ff782c77000 	C:\Program Files\Java\jre1.8.0_281\bin\javaw.exe
0x00007ffc37780000 - 0x00007ffc37970000 	C:\WINDOWS\SYSTEM32\ntdll.dll
0x00007ffc360b0000 - 0x00007ffc36162000 	C:\WINDOWS\System32\KERNEL32.DLL
0x00007ffc34b90000 - 0x00007ffc34e35000 	C:\WINDOWS\System32\KERNELBASE.dll
0x0000000066720000 - 0x00000000667c6000 	C:\WINDOWS\System32\SYSFER.DLL
0x0000000065d90000 - 0x00000000660bb000 	C:\ProgramData\Symantec\Symantec Endpoint Protection\14.3.558.0000.105\Data\Definitions\IPSDefs\20210430.061\IPSEng64.dll
0x00007ffc37560000 - 0x00007ffc37603000 	C:\WINDOWS\System32\ADVAPI32.dll
0x00007ffc36d30000 - 0x00007ffc36dce000 	C:\WINDOWS\System32\msvcrt.dll
0x00007ffc36250000 - 0x00007ffc362e7000 	C:\WINDOWS\System32\sechost.dll
0x00007ffc37610000 - 0x00007ffc3772f000 	C:\WINDOWS\System32\RPCRT4.dll
0x00007ffc37730000 - 0x00007ffc37738000 	C:\WINDOWS\System32\PSAPI.DLL
0x00007ffc36410000 - 0x00007ffc365a4000 	C:\WINDOWS\System32\USER32.dll
0x00007ffc34e90000 - 0x00007ffc34eb1000 	C:\WINDOWS\System32\win32u.dll
0x00007ffc363e0000 - 0x00007ffc36406000 	C:\WINDOWS\System32\GDI32.dll
0x00007ffc347a0000 - 0x00007ffc34938000 	C:\WINDOWS\System32\gdi32full.dll
0x00007ffc34940000 - 0x00007ffc349de000 	C:\WINDOWS\System32\msvcp_win.dll
0x00007ffc349e0000 - 0x00007ffc34ada000 	C:\WINDOWS\System32\ucrtbase.dll
0x00007ffc20f80000 - 0x00007ffc21204000 	C:\WINDOWS\WinSxS\amd64_microsoft.windows.common-controls_6595b64144ccf1df_6.0.18362.1500_none_9e79be6de462295c\COMCTL32.dll
0x00007ffc35a60000 - 0x00007ffc35d96000 	C:\WINDOWS\System32\combase.dll
0x00007ffc34ec0000 - 0x00007ffc34f41000 	C:\WINDOWS\System32\bcryptPrimitives.dll
0x00007ffc36220000 - 0x00007ffc3624e000 	C:\WINDOWS\System32\IMM32.DLL
0x00007ffc344f0000 - 0x00007ffc34516000 	C:\windows\system32\vmwsci.dll
0x00007ffc1dd70000 - 0x00007ffc1dd85000 	C:\Program Files\Java\jre1.8.0_281\bin\vcruntime140.dll
0x00007ffc00340000 - 0x00007ffc003db000 	C:\Program Files\Java\jre1.8.0_281\bin\msvcp140.dll
0x00000000638e0000 - 0x000000006413f000 	C:\Program Files\Java\jre1.8.0_281\bin\server\jvm.dll
0x00007ffc2f400000 - 0x00007ffc2f409000 	C:\WINDOWS\SYSTEM32\WSOCK32.dll
0x00007ffc362f0000 - 0x00007ffc3635f000 	C:\WINDOWS\System32\WS2_32.dll
0x00007ffc2a1a0000 - 0x00007ffc2a1c4000 	C:\WINDOWS\SYSTEM32\WINMM.dll
0x00007ffc33520000 - 0x00007ffc3352a000 	C:\WINDOWS\SYSTEM32\VERSION.dll
0x00007ffc2a0b0000 - 0x00007ffc2a0dd000 	C:\WINDOWS\SYSTEM32\WINMMBASE.dll
0x00007ffc34b40000 - 0x00007ffc34b8a000 	C:\WINDOWS\System32\cfgmgr32.dll
0x00007ffc346b0000 - 0x00007ffc346c1000 	C:\WINDOWS\System32\kernel.appcore.dll
0x00007ffc1dd60000 - 0x00007ffc1dd70000 	C:\Program Files\Java\jre1.8.0_281\bin\verify.dll
0x00007ffc149f0000 - 0x00007ffc14a1b000 	C:\Program Files\Java\jre1.8.0_281\bin\java.dll
0x00007ffc11790000 - 0x00007ffc117c6000 	C:\Program Files\Java\jre1.8.0_281\bin\jdwp.dll
0x00007ffc1dd50000 - 0x00007ffc1dd59000 	C:\Program Files\Java\jre1.8.0_281\bin\npt.dll
0x00007ffc0fdf0000 - 0x00007ffc0fe20000 	C:\Program Files\Java\jre1.8.0_281\bin\instrument.dll
0x00007ffc1bfc0000 - 0x00007ffc1bfd8000 	C:\Program Files\Java\jre1.8.0_281\bin\zip.dll
0x00007ffc36640000 - 0x00007ffc36d28000 	C:\WINDOWS\System32\SHELL32.dll
0x00007ffc37040000 - 0x00007ffc370e7000 	C:\WINDOWS\System32\shcore.dll
0x00007ffc34f50000 - 0x00007ffc356cb000 	C:\WINDOWS\System32\windows.storage.dll
0x00007ffc346d0000 - 0x00007ffc346ee000 	C:\WINDOWS\System32\profapi.dll
0x00007ffc34640000 - 0x00007ffc3468a000 	C:\WINDOWS\System32\powrprof.dll
0x00007ffc34630000 - 0x00007ffc34640000 	C:\WINDOWS\System32\UMPDC.dll
0x00007ffc36dd0000 - 0x00007ffc36e22000 	C:\WINDOWS\System32\shlwapi.dll
0x00007ffc34e70000 - 0x00007ffc34e87000 	C:\WINDOWS\System32\cryptsp.dll
0x00007ffc1dd40000 - 0x00007ffc1dd4a000 	C:\Program Files\Java\jre1.8.0_281\bin\dt_socket.dll
0x00007ffc2cac0000 - 0x00007ffc2cad6000 	C:\WINDOWS\system32\napinsp.dll
0x00007ffc2cae0000 - 0x00007ffc2cafa000 	C:\WINDOWS\system32\pnrpnsp.dll
0x00007ffc33de0000 - 0x00007ffc33e47000 	C:\WINDOWS\System32\mswsock.dll
0x00007ffc33b30000 - 0x00007ffc33bfb000 	C:\WINDOWS\SYSTEM32\DNSAPI.dll
0x00007ffc35f40000 - 0x00007ffc35f48000 	C:\WINDOWS\System32\NSI.dll
0x00007ffc33af0000 - 0x00007ffc33b2a000 	C:\WINDOWS\SYSTEM32\IPHLPAPI.DLL
0x00007ffc2cfb0000 - 0x00007ffc2cfbe000 	C:\WINDOWS\System32\winrnr.dll
0x00007ffc2e060000 - 0x00007ffc2e07c000 	C:\WINDOWS\system32\NLAapi.dll
0x00007ffc2cdf0000 - 0x00007ffc2ce05000 	C:\WINDOWS\system32\wshbth.dll
0x00007ffc2fe10000 - 0x00007ffc2fe87000 	C:\WINDOWS\System32\fwpuclnt.dll
0x00007ffc34e40000 - 0x00007ffc34e66000 	C:\WINDOWS\System32\bcrypt.dll
0x00007ffc2d730000 - 0x00007ffc2d73a000 	C:\Windows\System32\rasadhlp.dll
0x00007ffc1f210000 - 0x00007ffc1f21d000 	C:\Program Files\Java\jre1.8.0_281\bin\management.dll
0x00007ffc1f1f0000 - 0x00007ffc1f20c000 	C:\Program Files\Java\jre1.8.0_281\bin\net.dll
0x00007ffc336f0000 - 0x00007ffc33723000 	C:\WINDOWS\system32\rsaenh.dll
0x00007ffc34550000 - 0x00007ffc34575000 	C:\WINDOWS\SYSTEM32\USERENV.dll
0x00007ffc33fb0000 - 0x00007ffc33fbc000 	C:\WINDOWS\SYSTEM32\CRYPTBASE.dll
0x00007ffc2fbf0000 - 0x00007ffc2fc06000 	C:\WINDOWS\SYSTEM32\dhcpcsvc6.DLL
0x00007ffc2fbd0000 - 0x00007ffc2fbec000 	C:\WINDOWS\SYSTEM32\dhcpcsvc.DLL
0x00007ffc1bf30000 - 0x00007ffc1bf43000 	C:\Program Files\Java\jre1.8.0_281\bin\nio.dll
0x00007ffc1b960000 - 0x00007ffc1b96d000 	C:\Program Files\Java\jre1.8.0_281\bin\sunmscapi.dll
0x00007ffc356d0000 - 0x00007ffc35821000 	C:\WINDOWS\System32\CRYPT32.dll
0x00007ffc34690000 - 0x00007ffc346a2000 	C:\WINDOWS\System32\MSASN1.dll
0x00007ffc340c0000 - 0x00007ffc340e6000 	C:\WINDOWS\SYSTEM32\ncrypt.dll
0x00007ffc34080000 - 0x00007ffc340bb000 	C:\WINDOWS\SYSTEM32\NTASN1.dll
0x00007ffc32bf0000 - 0x00007ffc32de4000 	C:\WINDOWS\SYSTEM32\dbghelp.dll

VM Arguments:
jvm_args: -agentlib:jdwp=transport=dt_socket,suspend=y,address=localhost:64006 -javaagent:C:\Users\jason.bishop\Eclipse\eclipse\configuration\org.eclipse.osgi\220\0\.cp\lib\javaagent-shaded.jar -Dfile.encoding=Cp1252 
java_command: agencyfolders.agencyfolders
java_class_path (initial): C:\Users\jason.bishop\2020eclipse-workspace\AgencyFolders\bin;C:\Users\jason.bishop\Desktop\lib\activation.jar;C:\Users\jason.bishop\Desktop\lib\aopalliance.jar;C:\Users\jason.bishop\Desktop\lib\aspectjrt.jar;C:\Users\jason.bishop\Desktop\lib\cryptojFIPS.jar;C:\Users\jason.bishop\Desktop\lib\cryptojce.jar;C:\Users\jason.bishop\Desktop\lib\jcmFIPS.jar;C:\Users\jason.bishop\Desktop\lib\bcm.jar;C:\Users\jason.bishop\Desktop\lib\bcprov-jdk15-140.jar;C:\Users\jason.bishop\Desktop\lib\bcr.jar;C:\Users\jason.bishop\Desktop\lib\bcr_chart_lib.jar;C:\Users\jason.bishop\Desktop\lib\ceaspect.jar;C:\Users\jason.bishop\Desktop\lib\cecore.jar;C:\Users\jason.bishop\Desktop\lib\celib.jar;C:\Users\jason.bishop\Desktop\lib\ceplugins_cr.jar;C:\Users\jason.bishop\Desktop\lib\ceplugins_core.jar;C:\Users\jason.bishop\Desktop\lib\corbaidl.jar;C:\Users\jason.bishop\Desktop\lib\ebus405.jar;C:\Users\jason.bishop\Desktop\lib\cvom.jar;C:\Users\jason.bishop\Desktop\lib\logging.jar;C:\Users\jason.bishop\Desktop\lib\CrystalReportsSDK.jar;C:\Users\jason.bishop\Desktop\lib\CrystalEnterpriseRepositoryService.jar;C:\Users\jason.bishop\Desktop\lib\TraceLog.jar;C:\Users\jason.bishop\Desktop\lib\SL_plugins.jar;C:\Users\jason.bishop\Desktop\lib\cesession.jar;C:\Users\jason.bishop\Desktop\lib\ras21sdk.jar;C:\Users\jason.bishop\Desktop\lib\deploy.jar;C:\Users\jason.bishop\Desktop\lib\ccis.jar;C:\Users\jason.bishop\Desktop\lib\cereports.jar;C:\Users\jason.bishop\Desktop\lib\log4j.jar;C:\Users\jason.bishop\Desktop\lib\biarengine.jar;C:\Users\jason.bishop\Desktop\lib\bipjcomanager.jar;C:\Users\jason.bishop\Desktop\lib\biplugins.jar;C:\Users\jason.bishop\Desktop\lib\boconfig.jar;C:\Users\jason.bishop\Desktop\lib\cdsframework.jar;C:\Users\jason.bishop\Desktop\lib\cdsframework_common.jar;C:\Users\jason.bishop\Desktop\lib\cdsframeworkutils.jar;C:\Users\jason.bishop\Desktop\lib\cdsuiframework.jar;C:\Users\jason.bishop\Desktop\lib\cdz_cluster_mgmt_types_idl.jar;C:\Users\jason.bishop\Desk
Launcher Type: SUN_STANDARD

Environment Variables:
PATH=C:/Users/jason.bishop/.p2/pool/plugins/org.eclipse.justj.openjdk.hotspot.jre.full.win32.x86_64_15.0.1.v20201027-0507/jre/bin/server;C:/Users/jason.bishop/.p2/pool/plugins/org.eclipse.justj.openjdk.hotspot.jre.full.win32.x86_64_15.0.1.v20201027-0507/jre/bin;C:\Program Files (x86)\Common Files\Oracle\Java\javapath;C:\app\Oracle32_12c\product\12.1.0\client_1\bin;C:\oracle12c\product\12.2.0\client_1\bin;C:\WINDOWS\system32;C:\WINDOWS;C:\WINDOWS\System32\Wbem;C:\WINDOWS\System32\WindowsPowerShell\v1.0\;C:\Program Files\Microsoft Network Monitor 3\;C:\Program Files\PuTTY\;C:\Program Files\Common Files\ThinPrint\;C:\WINDOWS\System32\OpenSSH\;C:\Program Files (x86)\Microsoft SQL Server\150\DTS\Binn\;C:\Program Files\Azure Data Studio\bin;C:\Program Files\Java\jdk1.8.0_181\bin;;%USERPROFILE%\AppData\Local\Microsoft\WindowsApps;C:\Users\jason.bishop\AppData\Local\Programs\Fiddler;C:\Users\jason.bishop\Desktop;
USERNAME=jason.bishop
OS=Windows_NT
PROCESSOR_IDENTIFIER=Intel64 Family 6 Model 62 Stepping 4, GenuineIntel



---------------  S Y S T E M  ---------------

OS: Windows 10.0 , 64 bit Build 18362 (10.0.18362.1500)

CPU:total 2 (initial active 2) (2 cores per cpu, 1 threads per core) family 6 model 62 stepping 4, cmov, cx8, fxsr, mmx, sse, sse2, sse3, ssse3, sse4.1, sse4.2, popcnt, avx, aes, clmul, erms, tsc, tscinvbit

Memory: 4k page, physical 12582452k(7136752k free), swap 13106740k(7041668k free)

vm_info: Java HotSpot(TM) 64-Bit Server VM (25.281-b09) for windows-amd64 JRE (1.8.0_281-b09), built on Dec  9 2020 13:54:07 by "" with MS VC++ 15.9 (VS2017)

time: Mon May  3 23:11:27 2021
timezone: Eastern Daylight Time
elapsed time: 316.446138 seconds (0d 0h 5m 16s)

